weight path:/Volumes/Riesling/TRAIN/AI-base/src/albert_tiny/weights/yidu_albert_tiny_ep15.h5
evaluate dataset path:./data/yidu.submit
Evaluating General F1: 100%|████████████████████████████████████| 2035/2035 [01:10<00:00, 28.69it/s]
General:  f1: 0.80841, precision: 0.80942, recall: 0.80740
Evaluating F1 of each Categories: 100%|█████████████████████████| 2035/2035 [06:46<00:00,  5.00it/s]
             TP  TP+FP  TP+FN  precision  recall      f1
ANATOMY    2634   3222   3094     0.8175  0.8513  0.8341
DISEASE    1022   1310   1323     0.7802  0.7725  0.7763
DRUG        395    450    485     0.8778  0.8144  0.8449
OPERATION   129    154    162     0.8377  0.7963  0.8165
TESTIMAGE   293    342    348     0.8567  0.8420  0.8493
TESTLAB     373    509    590     0.7328  0.6322  0.6788
weight path:/Volumes/Riesling/TRAIN/AI-base/src/albert_tiny/weights/yidu_albert_tiny_ep16.h5
evaluate dataset path:./data/yidu.submit
Evaluating General F1: 100%|████████████████████████████████████| 2035/2035 [01:06<00:00, 30.72it/s]
General:  f1: 0.80818, precision: 0.81664, recall: 0.79990
Evaluating F1 of each Categories: 100%|█████████████████████████| 2035/2035 [06:21<00:00,  5.33it/s]
             TP  TP+FP  TP+FN  precision  recall      f1
ANATOMY    2615   3166   3094     0.8260  0.8452  0.8355
DISEASE    1021   1295   1323     0.7884  0.7717  0.7800
DRUG        388    444    485     0.8739  0.8000  0.8353
OPERATION   128    155    162     0.8258  0.7901  0.8076
TESTIMAGE   291    341    348     0.8534  0.8362  0.8447
TESTLAB     358    478    590     0.7490  0.6068  0.6704
