/Users/Bureaux/miniconda3/envs/tf_v1/bin/python "/Users/Bureaux/Library/Application Support/JetBrains/Toolbox/apps/PyCharm-P/ch-0/213.5744.248/PyCharm.app/Contents/plugins/python/helpers/pydev/pydevconsole.py" --mode=client --port=52912
import sys; print('Python %s on %s' % (sys.version, sys.platform))
sys.path.extend(['
/Volumes/Riesling/TRAIN/AI-base/src/albert_tiny'])
Python 3.7.10 (default, Feb 26 2021, 10:16:00)
Type 'copyright', 'credits' or 'license' for more information
IPython 7.22.0 -- An enhanced Interactive Python. Type '?' for help.
v console: using IPython 7.22.0
Python 3.7.10 (default, Feb 26 2021, 10:16:00)
[Clang 10.0.0 ] on darwin
>>> runfile('
/Volumes/Riesling/TRAIN/AI-base/src/albert_tiny/evaluate.py', wdir='
/Volumes/Riesling/TRAIN/AI-base/src/albert_tiny')
Using TensorFlow backend.
/Users/Bureaux/miniconda3/envs/tf_v1/lib/python3.7/site-packages/tensorflow/python/framework/dtypes.py:516: FutureWarning: Passing (type, 1) or '1type' as a synonym of type is deprecated; in a future version of numpy, it will be understood as (type, (1,)) / '(1,)type'.
  _np_qint8 = np.dtype([("qint8", np.int8, 1)])
/Users/Bureaux/miniconda3/envs/tf_v1/lib/python3.7/site-packages/tensorflow/python/framework/dtypes.py:517: FutureWarning: Passing (type, 1) or '1type' as a synonym of type is deprecated; in a future version of numpy, it will be understood as (type, (1,)) / '(1,)type'.
  _np_quint8 = np.dtype([("quint8", np.uint8, 1)])
/Users/Bureaux/miniconda3/envs/tf_v1/lib/python3.7/site-packages/tensorflow/python/framework/dtypes.py:518: FutureWarning: Passing (type, 1) or '1type' as a synonym of type is deprecated; in a future version of numpy, it will be understood as (type, (1,)) / '(1,)type'.
  _np_qint16 = np.dtype([("qint16", np.int16, 1)])
/Users/Bureaux/miniconda3/envs/tf_v1/lib/python3.7/site-packages/tensorflow/python/framework/dtypes.py:519: FutureWarning: Passing (type, 1) or '1type' as a synonym of type is deprecated; in a future version of numpy, it will be understood as (type, (1,)) / '(1,)type'.
  _np_quint16 = np.dtype([("quint16", np.uint16, 1)])
/Users/Bureaux/miniconda3/envs/tf_v1/lib/python3.7/site-packages/tensorflow/python/framework/dtypes.py:520: FutureWarning: Passing (type, 1) or '1type' as a synonym of type is deprecated; in a future version of numpy, it will be understood as (type, (1,)) / '(1,)type'.
  _np_qint32 = np.dtype([("qint32", np.int32, 1)])
/Users/Bureaux/miniconda3/envs/tf_v1/lib/python3.7/site-packages/tensorflow/python/framework/dtypes.py:525: FutureWarning: Passing (type, 1) or '1type' as a synonym of type is deprecated; in a future version of numpy, it will be understood as (type, (1,)) / '(1,)type'.
  np_resource = np.dtype([("resource", np.ubyte, 1)])
/Users/Bureaux/miniconda3/envs/tf_v1/lib/python3.7/site-packages/tensorboard/compat/tensorflow_stub/dtypes.py:541: FutureWarning: Passing (type, 1) or '1type' as a synonym of type is deprecated; in a future version of numpy, it will be understood as (type, (1,)) / '(1,)type'.
  _np_qint8 = np.dtype([("qint8", np.int8, 1)])
/Users/Bureaux/miniconda3/envs/tf_v1/lib/python3.7/site-packages/tensorboard/compat/tensorflow_stub/dtypes.py:542: FutureWarning: Passing (type, 1) or '1type' as a synonym of type is deprecated; in a future version of numpy, it will be understood as (type, (1,)) / '(1,)type'.
  _np_quint8 = np.dtype([("quint8", np.uint8, 1)])
/Users/Bureaux/miniconda3/envs/tf_v1/lib/python3.7/site-packages/tensorboard/compat/tensorflow_stub/dtypes.py:543: FutureWarning: Passing (type, 1) or '1type' as a synonym of type is deprecated; in a future version of numpy, it will be understood as (type, (1,)) / '(1,)type'.
  _np_qint16 = np.dtype([("qint16", np.int16, 1)])
/Users/Bureaux/miniconda3/envs/tf_v1/lib/python3.7/site-packages/tensorboard/compat/tensorflow_stub/dtypes.py:544: FutureWarning: Passing (type, 1) or '1type' as a synonym of type is deprecated; in a future version of numpy, it will be understood as (type, (1,)) / '(1,)type'.
  _np_quint16 = np.dtype([("quint16", np.uint16, 1)])
/Users/Bureaux/miniconda3/envs/tf_v1/lib/python3.7/site-packages/tensorboard/compat/tensorflow_stub/dtypes.py:545: FutureWarning: Passing (type, 1) or '1type' as a synonym of type is deprecated; in a future version of numpy, it will be understood as (type, (1,)) / '(1,)type'.
  _np_qint32 = np.dtype([("qint32", np.int32, 1)])
/Users/Bureaux/miniconda3/envs/tf_v1/lib/python3.7/site-packages/tensorboard/compat/tensorflow_stub/dtypes.py:550: FutureWarning: Passing (type, 1) or '1type' as a synonym of type is deprecated; in a future version of numpy, it will be understood as (type, (1,)) / '(1,)type'.
  np_resource = np.dtype([("resource", np.ubyte, 1)])
WARNING:tensorflow:From /Users/Bureaux/miniconda3/envs/tf_v1/lib/python3.7/site-packages/keras/backend/tensorflow_backend.py:517: The name tf.placeholder is deprecated. Please use tf.compat.v1.placeholder instead.
WARNING:tensorflow:From /Users/Bureaux/miniconda3/envs/tf_v1/lib/python3.7/site-packages/keras/backend/tensorflow_backend.py:4185: The name tf.truncated_normal is deprecated. Please use tf.random.truncated_normal instead.
WARNING:tensorflow:From /Users/Bureaux/miniconda3/envs/tf_v1/lib/python3.7/site-packages/keras/backend/tensorflow_backend.py:74: The name tf.get_default_graph is deprecated. Please use tf.compat.v1.get_default_graph instead.
WARNING:tensorflow:From /Users/Bureaux/miniconda3/envs/tf_v1/lib/python3.7/site-packages/keras/backend/tensorflow_backend.py:174: The name tf.get_default_session is deprecated. Please use tf.compat.v1.get_default_session instead.
WARNING:tensorflow:From /Users/Bureaux/miniconda3/envs/tf_v1/lib/python3.7/site-packages/keras/backend/tensorflow_backend.py:181: The name tf.ConfigProto is deprecated. Please use tf.compat.v1.ConfigProto instead.
WARNING:tensorflow:From /Users/Bureaux/miniconda3/envs/tf_v1/lib/python3.7/site-packages/keras/backend/tensorflow_backend.py:3445: calling dropout (from tensorflow.python.ops.nn_ops) with keep_prob is deprecated and will be removed in a future version.
Instructions for updating:
Please use `rate` instead of `keep_prob`. Rate should be set to `rate = 1 - keep_prob`.
WARNING:tensorflow:From /Users/Bureaux/miniconda3/envs/tf_v1/lib/python3.7/site-packages/keras/backend/tensorflow_backend.py:2974: add_dispatch_support.<locals>.wrapper (from tensorflow.python.ops.array_ops) is deprecated and will be removed in a future version.
Instructions for updating:
Use tf.where in 2.0, which has the same broadcast rule as np.where
__________________________________________________________________________________________________
Layer (type)                    Output Shape         Param #     Connected to
==================================================================================================
Input-Token (InputLayer)        (None, None)         0
__________________________________________________________________________________________________
Input-Segment (InputLayer)      (None, None)         0
__________________________________________________________________________________________________
Embedding-Token (Embedding)     (None, None, 312)    6591936     Input-Token[0][0]
__________________________________________________________________________________________________
Embedding-Segment (Embedding)   (None, None, 312)    624         Input-Segment[0][0]
__________________________________________________________________________________________________
Embedding-Token-Segment (Add)   (None, None, 312)    0           Embedding-Token[0][0]
                                                                 Embedding-Segment[0][0]
__________________________________________________________________________________________________
Embedding-Position (PositionEmb (None, None, 312)    159744      Embedding-Token-Segment[0][0]
__________________________________________________________________________________________________
Embedding-Norm (LayerNormalizat (None, None, 312)    624         Embedding-Position[0][0]
__________________________________________________________________________________________________
Transformer-MultiHeadSelfAttent (None, None, 312)    390624      Embedding-Norm[0][0]
                                                                 Embedding-Norm[0][0]
                                                                 Embedding-Norm[0][0]
                                                                 Transformer-FeedForward-Norm[0][0
                                                                 Transformer-FeedForward-Norm[0][0
                                                                 Transformer-FeedForward-Norm[0][0
                                                                 Transformer-FeedForward-Norm[1][0
                                                                 Transformer-FeedForward-Norm[1][0
                                                                 Transformer-FeedForward-Norm[1][0
                                                                 Transformer-FeedForward-Norm[2][0
                                                                 Transformer-FeedForward-Norm[2][0
                                                                 Transformer-FeedForward-Norm[2][0
__________________________________________________________________________________________________
Transformer-MultiHeadSelfAttent (None, None, 312)    0           Embedding-Norm[0][0]
                                                                 Transformer-MultiHeadSelfAttentio
                                                                 Transformer-FeedForward-Norm[0][0
                                                                 Transformer-MultiHeadSelfAttentio
                                                                 Transformer-FeedForward-Norm[1][0
                                                                 Transformer-MultiHeadSelfAttentio
                                                                 Transformer-FeedForward-Norm[2][0
                                                                 Transformer-MultiHeadSelfAttentio
__________________________________________________________________________________________________
Transformer-MultiHeadSelfAttent (None, None, 312)    624         Transformer-MultiHeadSelfAttentio
                                                                 Transformer-MultiHeadSelfAttentio
                                                                 Transformer-MultiHeadSelfAttentio
                                                                 Transformer-MultiHeadSelfAttentio
__________________________________________________________________________________________________
Transformer-FeedForward (FeedFo (None, None, 312)    780312      Transformer-MultiHeadSelfAttentio
                                                                 Transformer-MultiHeadSelfAttentio
                                                                 Transformer-MultiHeadSelfAttentio
                                                                 Transformer-MultiHeadSelfAttentio
__________________________________________________________________________________________________
Transformer-FeedForward-Add (Ad (None, None, 312)    0           Transformer-MultiHeadSelfAttentio
                                                                 Transformer-FeedForward[0][0]
                                                                 Transformer-MultiHeadSelfAttentio
                                                                 Transformer-FeedForward[1][0]
                                                                 Transformer-MultiHeadSelfAttentio
                                                                 Transformer-FeedForward[2][0]
                                                                 Transformer-MultiHeadSelfAttentio
                                                                 Transformer-FeedForward[3][0]
__________________________________________________________________________________________________
Transformer-FeedForward-Norm (L (None, None, 312)    624         Transformer-FeedForward-Add[0][0]
                                                                 Transformer-FeedForward-Add[1][0]
                                                                 Transformer-FeedForward-Add[2][0]
                                                                 Transformer-FeedForward-Add[3][0]
__________________________________________________________________________________________________
bidirectional_1 (Bidirectional) (None, None, 64)     88320       Transformer-FeedForward-Norm[3][0
__________________________________________________________________________________________________
time_distributed_1 (TimeDistrib (None, None, 13)     845         bidirectional_1[0][0]
__________________________________________________________________________________________________
dropout_1 (Dropout)             (None, None, 13)     0           time_distributed_1[0][0]
__________________________________________________________________________________________________
conditional_random_field_1 (Con (None, None, 13)     169         dropout_1[0][0]
==================================================================================================
Total params: 8,014,446
Trainable params: 8,014,446
Non-trainable params: 0
__________________________________________________________________________________________________
WARNING:tensorflow:From /Users/Bureaux/miniconda3/envs/tf_v1/lib/python3.7/site-packages/keras/optimizers.py:790: The name tf.train.Optimizer is deprecated. Please use tf.compat.v1.train.Optimizer instead.

/Volumes/Riesling/TRAIN/AI-base/src/albert_tiny/weights/yidu_albert_tiny_ep01.h5:
100%|█████████████████████████████████████████████████████████████| 653/653 [00:24<00:00, 27.13it/s]
validate:  f1: 0.08551, precision: 0.22426, recall: 0.05283
100%|█████████████████████████████████████████████████████████████| 620/620 [00:24<00:00, 25.38it/s]
test:  f1: 0.10280, precision: 0.27338, recall: 0.06330

/Volumes/Riesling/TRAIN/AI-base/src/albert_tiny/weights/yidu_albert_tiny_ep02.h5:
100%|█████████████████████████████████████████████████████████████| 653/653 [00:23<00:00, 27.79it/s]
validate:  f1: 0.60864, precision: 0.68067, recall: 0.55040
100%|█████████████████████████████████████████████████████████████| 620/620 [00:17<00:00, 35.78it/s]
test:  f1: 0.66606, precision: 0.73801, recall: 0.60689

/Volumes/Riesling/TRAIN/AI-base/src/albert_tiny/weights/yidu_albert_tiny_ep03.h5:
100%|█████████████████████████████████████████████████████████████| 653/653 [00:20<00:00, 31.55it/s]
validate:  f1: 0.71658, precision: 0.74971, recall: 0.68625
100%|█████████████████████████████████████████████████████████████| 620/620 [00:21<00:00, 28.61it/s]
test:  f1: 0.77138, precision: 0.81002, recall: 0.73626

/Volumes/Riesling/TRAIN/AI-base/src/albert_tiny/weights/yidu_albert_tiny_ep04.h5:
100%|█████████████████████████████████████████████████████████████| 653/653 [00:25<00:00, 25.73it/s]
validate:  f1: 0.74210, precision: 0.75644, recall: 0.72830
100%|█████████████████████████████████████████████████████████████| 620/620 [00:23<00:00, 26.76it/s]
test:  f1: 0.78345, precision: 0.80023, recall: 0.76735

/Volumes/Riesling/TRAIN/AI-base/src/albert_tiny/weights/yidu_albert_tiny_ep05.h5:
100%|█████████████████████████████████████████████████████████████| 653/653 [00:20<00:00, 31.22it/s]
validate:  f1: 0.73061, precision: 0.75431, recall: 0.70836
100%|█████████████████████████████████████████████████████████████| 620/620 [00:29<00:00, 21.19it/s]
test:  f1: 0.79337, precision: 0.81743, recall: 0.77068

/Volumes/Riesling/TRAIN/AI-base/src/albert_tiny/weights/yidu_albert_tiny_ep06.h5:
100%|█████████████████████████████████████████████████████████████| 653/653 [00:29<00:00, 22.02it/s]
validate:  f1: 0.77848, precision: 0.79306, recall: 0.76442
100%|█████████████████████████████████████████████████████████████| 620/620 [00:24<00:00, 24.92it/s]
test:  f1: 0.81987, precision: 0.82870, recall: 0.81122

/Volumes/Riesling/TRAIN/AI-base/src/albert_tiny/weights/yidu_albert_tiny_ep07.h5:
100%|█████████████████████████████████████████████████████████████| 653/653 [00:21<00:00, 30.06it/s]
validate:  f1: 0.76848, precision: 0.77203, recall: 0.76496
100%|█████████████████████████████████████████████████████████████| 620/620 [00:19<00:00, 31.52it/s]
test:  f1: 0.80388, precision: 0.80210, recall: 0.80566

/Volumes/Riesling/TRAIN/AI-base/src/albert_tiny/weights/yidu_albert_tiny_ep08.h5:
100%|█████████████████████████████████████████████████████████████| 653/653 [00:21<00:00, 30.47it/s]
validate:  f1: 0.78670, precision: 0.78905, recall: 0.78437
100%|█████████████████████████████████████████████████████████████| 620/620 [00:19<00:00, 32.21it/s]
test:  f1: 0.82549, precision: 0.82757, recall: 0.82343

/Volumes/Riesling/TRAIN/AI-base/src/albert_tiny/weights/yidu_albert_tiny_ep09.h5:
100%|█████████████████████████████████████████████████████████████| 653/653 [00:18<00:00, 35.75it/s]
validate:  f1: 0.78616, precision: 0.79460, recall: 0.77790
100%|█████████████████████████████████████████████████████████████| 620/620 [00:17<00:00, 35.12it/s]
test:  f1: 0.83394, precision: 0.84124, recall: 0.82676

/Volumes/Riesling/TRAIN/AI-base/src/albert_tiny/weights/yidu_albert_tiny_ep10.h5:
100%|█████████████████████████████████████████████████████████████| 653/653 [00:19<00:00, 32.93it/s]
validate:  f1: 0.78482, precision: 0.80695, recall: 0.76388
100%|█████████████████████████████████████████████████████████████| 620/620 [00:17<00:00, 34.92it/s]
test:  f1: 0.83173, precision: 0.84905, recall: 0.81510

/Volumes/Riesling/TRAIN/AI-base/src/albert_tiny/weights/yidu_albert_tiny_ep11.h5:
100%|█████████████████████████████████████████████████████████████| 653/653 [00:19<00:00, 33.44it/s]
validate:  f1: 0.77263, precision: 0.79141, recall: 0.75472
100%|█████████████████████████████████████████████████████████████| 620/620 [00:19<00:00, 32.05it/s]
test:  f1: 0.81937, precision: 0.83593, recall: 0.80344

/Volumes/Riesling/TRAIN/AI-base/src/albert_tiny/weights/yidu_albert_tiny_ep12.h5:
100%|█████████████████████████████████████████████████████████████| 653/653 [00:17<00:00, 36.48it/s]
validate:  f1: 0.79531, precision: 0.80430, recall: 0.78652
100%|█████████████████████████████████████████████████████████████| 620/620 [00:16<00:00, 37.89it/s]
test:  f1: 0.83905, precision: 0.84305, recall: 0.83509

/Volumes/Riesling/TRAIN/AI-base/src/albert_tiny/weights/yidu_albert_tiny_ep13.h5:
100%|█████████████████████████████████████████████████████████████| 653/653 [00:19<00:00, 33.17it/s]
validate:  f1: 0.79989, precision: 0.80359, recall: 0.79623
100%|█████████████████████████████████████████████████████████████| 620/620 [00:20<00:00, 30.31it/s]
test:  f1: 0.83803, precision: 0.84155, recall: 0.83454

/Volumes/Riesling/TRAIN/AI-base/src/albert_tiny/weights/yidu_albert_tiny_ep14.h5:
100%|█████████████████████████████████████████████████████████████| 653/653 [00:20<00:00, 31.11it/s]
validate:  f1: 0.79849, precision: 0.79914, recall: 0.79784
100%|█████████████████████████████████████████████████████████████| 620/620 [00:17<00:00, 35.89it/s]
test:  f1: 0.83445, precision: 0.83772, recall: 0.83120

/Volumes/Riesling/TRAIN/AI-base/src/albert_tiny/weights/yidu_albert_tiny_ep15.h5:
100%|█████████████████████████████████████████████████████████████| 653/653 [00:19<00:00, 33.02it/s]
validate:  f1: 0.80086, precision: 0.79850, recall: 0.80323
100%|█████████████████████████████████████████████████████████████| 620/620 [00:15<00:00, 40.42it/s]
test:  f1: 0.83190, precision: 0.82983, recall: 0.83398

/Volumes/Riesling/TRAIN/AI-base/src/albert_tiny/weights/yidu_albert_tiny_ep16.h5:
100%|█████████████████████████████████████████████████████████████| 653/653 [00:16<00:00, 39.54it/s]
validate:  f1: 0.78883, precision: 0.79335, recall: 0.78437
100%|█████████████████████████████████████████████████████████████| 620/620 [00:15<00:00, 39.54it/s]
test:  f1: 0.83990, precision: 0.84533, recall: 0.83454

/Volumes/Riesling/TRAIN/AI-base/src/albert_tiny/weights/yidu_albert_tiny_ep17.h5:
100%|█████████████████████████████████████████████████████████████| 653/653 [00:19<00:00, 32.78it/s]
validate:  f1: 0.79177, precision: 0.79543, recall: 0.78814
100%|█████████████████████████████████████████████████████████████| 620/620 [00:19<00:00, 32.59it/s]
test:  f1: 0.83152, precision: 0.83408, recall: 0.82898

/Volumes/Riesling/TRAIN/AI-base/src/albert_tiny/weights/yidu_albert_tiny_ep18.h5:
100%|█████████████████████████████████████████████████████████████| 653/653 [00:16<00:00, 38.49it/s]
validate:  f1: 0.79301, precision: 0.79088, recall: 0.79515
100%|█████████████████████████████████████████████████████████████| 620/620 [00:20<00:00, 29.63it/s]
test:  f1: 0.83181, precision: 0.83020, recall: 0.83343

/Volumes/Riesling/TRAIN/AI-base/src/albert_tiny/weights/yidu_albert_tiny_ep19.h5:
100%|█████████████████████████████████████████████████████████████| 653/653 [00:19<00:00, 33.06it/s]
validate:  f1: 0.78905, precision: 0.78568, recall: 0.79245
100%|█████████████████████████████████████████████████████████████| 620/620 [00:21<00:00, 28.58it/s]
test:  f1: 0.83190, precision: 0.82983, recall: 0.83398

/Volumes/Riesling/TRAIN/AI-base/src/albert_tiny/weights/yidu_albert_tiny_ep20.h5:
100%|█████████████████████████████████████████████████████████████| 653/653 [00:19<00:00, 33.92it/s]
validate:  f1: 0.79306, precision: 0.79803, recall: 0.78814
100%|█████████████████████████████████████████████████████████████| 620/620 [00:19<00:00, 31.95it/s]
test:  f1: 0.83324, precision: 0.83982, recall: 0.82676

/Volumes/Riesling/TRAIN/AI-base/src/albert_tiny/weights/yidu_albert_tiny_ep21.h5:
100%|█████████████████████████████████████████████████████████████| 653/653 [00:26<00:00, 24.74it/s]
validate:  f1: 0.78853, precision: 0.79110, recall: 0.78598
100%|█████████████████████████████████████████████████████████████| 620/620 [00:18<00:00, 33.27it/s]
test:  f1: 0.83380, precision: 0.83754, recall: 0.83009

/Volumes/Riesling/TRAIN/AI-base/src/albert_tiny/weights/yidu_albert_tiny_ep22.h5:
100%|█████████████████████████████████████████████████████████████| 653/653 [00:21<00:00, 30.73it/s]
validate:  f1: 0.79419, precision: 0.79270, recall: 0.79569
100%|█████████████████████████████████████████████████████████████| 620/620 [00:18<00:00, 34.39it/s]
test:  f1: 0.83468, precision: 0.83819, recall: 0.83120

/Volumes/Riesling/TRAIN/AI-base/src/albert_tiny/weights/yidu_albert_tiny_ep23.h5:
100%|█████████████████████████████████████████████████████████████| 653/653 [00:18<00:00, 35.43it/s]
validate:  f1: 0.79580, precision: 0.79537, recall: 0.79623
100%|█████████████████████████████████████████████████████████████| 620/620 [00:17<00:00, 35.54it/s]
test:  f1: 0.83083, precision: 0.83268, recall: 0.82898

/Volumes/Riesling/TRAIN/AI-base/src/albert_tiny/weights/yidu_albert_tiny_ep24.h5:
100%|█████████████████████████████████████████████████████████████| 653/653 [00:17<00:00, 37.44it/s]
validate:  f1: 0.79784, precision: 0.79892, recall: 0.79677
100%|█████████████████████████████████████████████████████████████| 620/620 [00:20<00:00, 29.97it/s]
test:  f1: 0.83324, precision: 0.83697, recall: 0.82954

/Volumes/Riesling/TRAIN/AI-base/src/albert_tiny/weights/yidu_albert_tiny_ep25.h5:
100%|█████████████████████████████████████████████████████████████| 653/653 [00:22<00:00, 28.86it/s]
validate:  f1: 0.78849, precision: 0.77936, recall: 0.79784
100%|█████████████████████████████████████████████████████████████| 620/620 [00:18<00:00, 33.33it/s]
test:  f1: 0.82889, precision: 0.82011, recall: 0.83787

/Volumes/Riesling/TRAIN/AI-base/src/albert_tiny/weights/yidu_albert_tiny_ep26.h5:
100%|█████████████████████████████████████████████████████████████| 653/653 [00:22<00:00, 29.63it/s]
validate:  f1: 0.79113, precision: 0.79413, recall: 0.78814
100%|█████████████████████████████████████████████████████████████| 620/620 [00:18<00:00, 33.22it/s]
test:  f1: 0.83087, precision: 0.83389, recall: 0.82787

/Volumes/Riesling/TRAIN/AI-base/src/albert_tiny/weights/yidu_albert_tiny_ep27.h5:
100%|█████████████████████████████████████████████████████████████| 653/653 [00:18<00:00, 35.21it/s]
validate:  f1: 0.78879, precision: 0.78837, recall: 0.78922
100%|█████████████████████████████████████████████████████████████| 620/620 [00:15<00:00, 38.96it/s]
test:  f1: 0.83602, precision: 0.83695, recall: 0.83509

/Volumes/Riesling/TRAIN/AI-base/src/albert_tiny/weights/yidu_albert_tiny_ep28.h5:
100%|█████████████████████████████████████████████████████████████| 653/653 [00:16<00:00, 39.50it/s]
validate:  f1: 0.79123, precision: 0.79489, recall: 0.78760
100%|█████████████████████████████████████████████████████████████| 620/620 [00:20<00:00, 30.28it/s]
test:  f1: 0.83156, precision: 0.83813, recall: 0.82510

/Volumes/Riesling/TRAIN/AI-base/src/albert_tiny/weights/yidu_albert_tiny_ep29.h5:
100%|█████████████████████████████████████████████████████████████| 653/653 [00:20<00:00, 31.63it/s]
validate:  f1: 0.79206, precision: 0.79879, recall: 0.78544
100%|█████████████████████████████████████████████████████████████| 620/620 [00:19<00:00, 31.49it/s]
test:  f1: 0.83329, precision: 0.84106, recall: 0.82565

/Volumes/Riesling/TRAIN/AI-base/src/albert_tiny/weights/yidu_albert_tiny_ep30.h5:
100%|█████████████████████████████████████████████████████████████| 653/653 [00:21<00:00, 30.18it/s]
validate:  f1: 0.78909, precision: 0.78261, recall: 0.79569
100%|█████████████████████████████████████████████████████████████| 620/620 [00:19<00:00, 32.25it/s]
test:  f1: 0.82667, precision: 0.82057, recall: 0.83287

/Volumes/Riesling/TRAIN/AI-base/src/albert_tiny/weights/yidu_albert_tiny_ep31.h5:
100%|█████████████████████████████████████████████████████████████| 653/653 [00:18<00:00, 35.67it/s]
validate:  f1: 0.79486, precision: 0.78978, recall: 0.80000
100%|█████████████████████████████████████████████████████████████| 620/620 [00:16<00:00, 37.49it/s]
test:  f1: 0.83131, precision: 0.82810, recall: 0.83454

/Volumes/Riesling/TRAIN/AI-base/src/albert_tiny/weights/yidu_albert_tiny_ep32.h5:
100%|█████████████████████████████████████████████████████████████| 653/653 [00:17<00:00, 37.49it/s]
validate:  f1: 0.79316, precision: 0.79880, recall: 0.78760
100%|█████████████████████████████████████████████████████████████| 620/620 [00:16<00:00, 37.17it/s]
test:  f1: 0.83515, precision: 0.83913, recall: 0.83120

/Volumes/Riesling/TRAIN/AI-base/src/albert_tiny/weights/yidu_albert_tiny_ep33.h5:
100%|█████████████████████████████████████████████████████████████| 653/653 [00:17<00:00, 37.66it/s]
validate:  f1: 0.79146, precision: 0.79318, recall: 0.78976
100%|█████████████████████████████████████████████████████████████| 620/620 [00:16<00:00, 38.62it/s]
test:  f1: 0.82989, precision: 0.83361, recall: 0.82621

/Volumes/Riesling/TRAIN/AI-base/src/albert_tiny/weights/yidu_albert_tiny_ep34.h5:
100%|█████████████████████████████████████████████████████████████| 653/653 [00:17<00:00, 37.78it/s]
validate:  f1: 0.78691, precision: 0.78947, recall: 0.78437
100%|█████████████████████████████████████████████████████████████| 620/620 [00:15<00:00, 39.87it/s]
test:  f1: 0.83003, precision: 0.83446, recall: 0.82565

/Volumes/Riesling/TRAIN/AI-base/src/albert_tiny/weights/yidu_albert_tiny_ep35.h5:
100%|█████████████████████████████████████████████████████████████| 653/653 [00:16<00:00, 40.07it/s]
validate:  f1: 0.78699, precision: 0.79128, recall: 0.78275
100%|█████████████████████████████████████████████████████████████| 620/620 [00:15<00:00, 39.91it/s]
test:  f1: 0.83301, precision: 0.83935, recall: 0.82676

/Volumes/Riesling/TRAIN/AI-base/src/albert_tiny/weights/yidu_albert_tiny_ep36.h5:
100%|█████████████████████████████████████████████████████████████| 653/653 [00:16<00:00, 39.80it/s]
validate:  f1: 0.79400, precision: 0.78914, recall: 0.79892
100%|█████████████████████████████████████████████████████████████| 620/620 [00:15<00:00, 39.79it/s]
test:  f1: 0.83120, precision: 0.83120, recall: 0.83120

/Volumes/Riesling/TRAIN/AI-base/src/albert_tiny/weights/yidu_albert_tiny_ep37.h5:
100%|█████████████████████████████████████████████████████████████| 653/653 [00:16<00:00, 39.25it/s]
validate:  f1: 0.78720, precision: 0.77889, recall: 0.79569
100%|█████████████████████████████████████████████████████████████| 620/620 [00:15<00:00, 39.73it/s]
test:  f1: 0.82768, precision: 0.82202, recall: 0.83343

/Volumes/Riesling/TRAIN/AI-base/src/albert_tiny/weights/yidu_albert_tiny_ep38.h5:
100%|█████████████████████████████████████████████████████████████| 653/653 [00:17<00:00, 37.98it/s]
validate:  f1: 0.79224, precision: 0.79203, recall: 0.79245
100%|█████████████████████████████████████████████████████████████| 620/620 [00:15<00:00, 39.29it/s]
test:  f1: 0.83361, precision: 0.83269, recall: 0.83454

/Volumes/Riesling/TRAIN/AI-base/src/albert_tiny/weights/yidu_albert_tiny_ep39.h5:
100%|█████████████████████████████████████████████████████████████| 653/653 [00:16<00:00, 39.79it/s]
validate:  f1: 0.79515, precision: 0.79515, recall: 0.79515
100%|█████████████████████████████████████████████████████████████| 620/620 [00:15<00:00, 39.72it/s]
test:  f1: 0.82609, precision: 0.82932, recall: 0.82288

/Volumes/Riesling/TRAIN/AI-base/src/albert_tiny/weights/yidu_albert_tiny_ep40.h5:
100%|█████████████████████████████████████████████████████████████| 653/653 [00:16<00:00, 39.95it/s]
validate:  f1: 0.79279, precision: 0.79151, recall: 0.79407
100%|█████████████████████████████████████████████████████████████| 620/620 [00:15<00:00, 39.77it/s]
test:  f1: 0.82726, precision: 0.82887, recall: 0.82565

/Volumes/Riesling/TRAIN/AI-base/src/albert_tiny/weights/yidu_albert_tiny_ep41.h5:
100%|█████████████████████████████████████████████████████████████| 653/653 [00:16<00:00, 39.94it/s]
validate:  f1: 0.78263, precision: 0.78305, recall: 0.78221
100%|█████████████████████████████████████████████████████████████| 620/620 [00:15<00:00, 39.65it/s]
test:  f1: 0.82901, precision: 0.83296, recall: 0.82510

/Volumes/Riesling/TRAIN/AI-base/src/albert_tiny/weights/yidu_albert_tiny_ep42.h5:
100%|█████████████████████████████████████████████████████████████| 653/653 [00:15<00:00, 41.59it/s]
validate:  f1: 0.78719, precision: 0.78571, recall: 0.78868
100%|█████████████████████████████████████████████████████████████| 620/620 [00:15<00:00, 39.73it/s]
test:  f1: 0.82762, precision: 0.83017, recall: 0.82510

/Volumes/Riesling/TRAIN/AI-base/src/albert_tiny/weights/yidu_albert_tiny_ep43.h5:
100%|█████████████████████████████████████████████████████████████| 653/653 [00:16<00:00, 39.89it/s]
validate:  f1: 0.79335, precision: 0.78891, recall: 0.79784
100%|█████████████████████████████████████████████████████████████| 620/620 [00:15<00:00, 40.09it/s]
test:  f1: 0.82405, precision: 0.82246, recall: 0.82565
