ssh://bureaux@180.169.131.147:22/home/bureaux/miniconda3/envs/Keras-base/bin/python -u /home/bureaux/.pycharm_helpers/pydev/pydevconsole.py --mode=server
import sys; print('Python %s on %s' % (sys.version, sys.platform))
sys.path.extend(['/home/bureaux/Projects/NamedEntityRecognization', '/home/bureaux/Projects/NamedEntityRecognization'])
Python 3.6.13 |Anaconda, Inc.| (default, Jun  4 2021, 14:25:59)
Type 'copyright', 'credits' or 'license' for more information
IPython 7.16.1 -- An enhanced Interactive Python. Type '?' for help.
runfile('/home/bureaux/Projects/NamedEntityRecognization/train.py', wdir='/home/bureaux/Projects/NamedEntityRecognization')
PyDev console: using IPython 7.16.1
Python 3.6.13 |Anaconda, Inc.| (default, Jun  4 2021, 14:25:59)
[GCC 7.5.0] on linux
Using TensorFlow backend.
/home/bureaux/miniconda3/envs/Keras-base/lib/python3.6/site-packages/tensorflow/python/framework/dtypes.py:516: FutureWarning: Passing (type, 1) or '1type' as a synonym of type is deprecated; in a future version of numpy, it will be understood as (type, (1,)) / '(1,)type'.
  _np_qint8 = np.dtype([("qint8", np.int8, 1)])
/home/bureaux/miniconda3/envs/Keras-base/lib/python3.6/site-packages/tensorflow/python/framework/dtypes.py:517: FutureWarning: Passing (type, 1) or '1type' as a synonym of type is deprecated; in a future version of numpy, it will be understood as (type, (1,)) / '(1,)type'.
  _np_quint8 = np.dtype([("quint8", np.uint8, 1)])
/home/bureaux/miniconda3/envs/Keras-base/lib/python3.6/site-packages/tensorflow/python/framework/dtypes.py:518: FutureWarning: Passing (type, 1) or '1type' as a synonym of type is deprecated; in a future version of numpy, it will be understood as (type, (1,)) / '(1,)type'.
  _np_qint16 = np.dtype([("qint16", np.int16, 1)])
/home/bureaux/miniconda3/envs/Keras-base/lib/python3.6/site-packages/tensorflow/python/framework/dtypes.py:519: FutureWarning: Passing (type, 1) or '1type' as a synonym of type is deprecated; in a future version of numpy, it will be understood as (type, (1,)) / '(1,)type'.
  _np_quint16 = np.dtype([("quint16", np.uint16, 1)])
/home/bureaux/miniconda3/envs/Keras-base/lib/python3.6/site-packages/tensorflow/python/framework/dtypes.py:520: FutureWarning: Passing (type, 1) or '1type' as a synonym of type is deprecated; in a future version of numpy, it will be understood as (type, (1,)) / '(1,)type'.
  _np_qint32 = np.dtype([("qint32", np.int32, 1)])
/home/bureaux/miniconda3/envs/Keras-base/lib/python3.6/site-packages/tensorflow/python/framework/dtypes.py:525: FutureWarning: Passing (type, 1) or '1type' as a synonym of type is deprecated; in a future version of numpy, it will be understood as (type, (1,)) / '(1,)type'.
  np_resource = np.dtype([("resource", np.ubyte, 1)])
/home/bureaux/miniconda3/envs/Keras-base/lib/python3.6/site-packages/tensorboard/compat/tensorflow_stub/dtypes.py:541: FutureWarning: Passing (type, 1) or '1type' as a synonym of type is deprecated; in a future version of numpy, it will be understood as (type, (1,)) / '(1,)type'.
  _np_qint8 = np.dtype([("qint8", np.int8, 1)])
/home/bureaux/miniconda3/envs/Keras-base/lib/python3.6/site-packages/tensorboard/compat/tensorflow_stub/dtypes.py:542: FutureWarning: Passing (type, 1) or '1type' as a synonym of type is deprecated; in a future version of numpy, it will be understood as (type, (1,)) / '(1,)type'.
  _np_quint8 = np.dtype([("quint8", np.uint8, 1)])
/home/bureaux/miniconda3/envs/Keras-base/lib/python3.6/site-packages/tensorboard/compat/tensorflow_stub/dtypes.py:543: FutureWarning: Passing (type, 1) or '1type' as a synonym of type is deprecated; in a future version of numpy, it will be understood as (type, (1,)) / '(1,)type'.
  _np_qint16 = np.dtype([("qint16", np.int16, 1)])
/home/bureaux/miniconda3/envs/Keras-base/lib/python3.6/site-packages/tensorboard/compat/tensorflow_stub/dtypes.py:544: FutureWarning: Passing (type, 1) or '1type' as a synonym of type is deprecated; in a future version of numpy, it will be understood as (type, (1,)) / '(1,)type'.
  _np_quint16 = np.dtype([("quint16", np.uint16, 1)])
/home/bureaux/miniconda3/envs/Keras-base/lib/python3.6/site-packages/tensorboard/compat/tensorflow_stub/dtypes.py:545: FutureWarning: Passing (type, 1) or '1type' as a synonym of type is deprecated; in a future version of numpy, it will be understood as (type, (1,)) / '(1,)type'.
  _np_qint32 = np.dtype([("qint32", np.int32, 1)])
/home/bureaux/miniconda3/envs/Keras-base/lib/python3.6/site-packages/tensorboard/compat/tensorflow_stub/dtypes.py:550: FutureWarning: Passing (type, 1) or '1type' as a synonym of type is deprecated; in a future version of numpy, it will be understood as (type, (1,)) / '(1,)type'.
  np_resource = np.dtype([("resource", np.ubyte, 1)])
WARNING:tensorflow:From /home/bureaux/miniconda3/envs/Keras-base/lib/python3.6/site-packages/keras/backend/tensorflow_backend.py:517: The name tf.placeholder is deprecated. Please use tf.compat.v1.placeholder instead.
WARNING:tensorflow:From /home/bureaux/miniconda3/envs/Keras-base/lib/python3.6/site-packages/keras/backend/tensorflow_backend.py:4185: The name tf.truncated_normal is deprecated. Please use tf.random.truncated_normal instead.
WARNING:tensorflow:From /home/bureaux/miniconda3/envs/Keras-base/lib/python3.6/site-packages/keras/backend/tensorflow_backend.py:131: The name tf.get_default_graph is deprecated. Please use tf.compat.v1.get_default_graph instead.
WARNING:tensorflow:From /home/bureaux/miniconda3/envs/Keras-base/lib/python3.6/site-packages/keras/backend/tensorflow_backend.py:133: The name tf.placeholder_with_default is deprecated. Please use tf.compat.v1.placeholder_with_default instead.
WARNING:tensorflow:From /home/bureaux/miniconda3/envs/Keras-base/lib/python3.6/site-packages/keras/backend/tensorflow_backend.py:3445: calling dropout (from tensorflow.python.ops.nn_ops) with keep_prob is deprecated and will be removed in a future version.
Instructions for updating:
Please use `rate` instead of `keep_prob`. Rate should be set to `rate = 1 - keep_prob`.
WARNING:tensorflow:From /home/bureaux/miniconda3/envs/Keras-base/lib/python3.6/site-packages/keras/backend/tensorflow_backend.py:174: The name tf.get_default_session is deprecated. Please use tf.compat.v1.get_default_session instead.
WARNING:tensorflow:From /home/bureaux/miniconda3/envs/Keras-base/lib/python3.6/site-packages/keras/backend/tensorflow_backend.py:2974: add_dispatch_support.<locals>.wrapper (from tensorflow.python.ops.array_ops) is deprecated and will be removed in a future version.
Instructions for updating:
Use tf.where in 2.0, which has the same broadcast rule as np.where
__________________________________________________________________________________________________
Layer (type)                    Output Shape         Param #     Connected to
==================================================================================================
Input-Token (InputLayer)        (None, None)         0
__________________________________________________________________________________________________
Input-Segment (InputLayer)      (None, None)         0
__________________________________________________________________________________________________
Embedding-Token (Embedding)     (None, None, 768)    9216000     Input-Token[0][0]
__________________________________________________________________________________________________
Embedding-Segment (Embedding)   (None, None, 768)    1536        Input-Segment[0][0]
__________________________________________________________________________________________________
Embedding-Token-Segment (Add)   (None, None, 768)    0           Embedding-Token[0][0]
                                                                 Embedding-Segment[0][0]
__________________________________________________________________________________________________
Embedding-Dropout (Dropout)     (None, None, 768)    0           Embedding-Token-Segment[0][0]
__________________________________________________________________________________________________
Embedding-Norm (LayerNormalizat (None, None, 768)    0           Embedding-Dropout[0][0]
__________________________________________________________________________________________________
Embedding-Rotary-Position (Sinu (None, None, 64)     0           Embedding-Norm[0][0]
__________________________________________________________________________________________________
Transformer-0-MultiHeadSelfAtte (None, None, 768)    2359296     Embedding-Norm[0][0]
                                                                 Embedding-Norm[0][0]
                                                                 Embedding-Norm[0][0]
                                                                 Embedding-Rotary-Position[0][0]
__________________________________________________________________________________________________
Transformer-0-MultiHeadSelfAtte (None, None, 768)    0           Transformer-0-MultiHeadSelfAttent
__________________________________________________________________________________________________
Transformer-0-MultiHeadSelfAtte (None, None, 768)    0           Embedding-Norm[0][0]
                                                                 Transformer-0-MultiHeadSelfAttent
__________________________________________________________________________________________________
Transformer-0-MultiHeadSelfAtte (None, None, 768)    0           Transformer-0-MultiHeadSelfAttent
__________________________________________________________________________________________________
Transformer-0-FeedForward (Feed (None, None, 768)    4718592     Transformer-0-MultiHeadSelfAttent
__________________________________________________________________________________________________
Transformer-0-FeedForward-Dropo (None, None, 768)    0           Transformer-0-FeedForward[0][0]
__________________________________________________________________________________________________
Transformer-0-FeedForward-Add ( (None, None, 768)    0           Transformer-0-MultiHeadSelfAttent
                                                                 Transformer-0-FeedForward-Dropout
__________________________________________________________________________________________________
Transformer-0-FeedForward-Norm  (None, None, 768)    0           Transformer-0-FeedForward-Add[0][
__________________________________________________________________________________________________
Transformer-1-MultiHeadSelfAtte (None, None, 768)    2359296     Transformer-0-FeedForward-Norm[0]
                                                                 Transformer-0-FeedForward-Norm[0]
                                                                 Transformer-0-FeedForward-Norm[0]
                                                                 Embedding-Rotary-Position[0][0]
__________________________________________________________________________________________________
Transformer-1-MultiHeadSelfAtte (None, None, 768)    0           Transformer-1-MultiHeadSelfAttent
__________________________________________________________________________________________________
Transformer-1-MultiHeadSelfAtte (None, None, 768)    0           Transformer-0-FeedForward-Norm[0]
                                                                 Transformer-1-MultiHeadSelfAttent
__________________________________________________________________________________________________
Transformer-1-MultiHeadSelfAtte (None, None, 768)    0           Transformer-1-MultiHeadSelfAttent
__________________________________________________________________________________________________
Transformer-1-FeedForward (Feed (None, None, 768)    4718592     Transformer-1-MultiHeadSelfAttent
__________________________________________________________________________________________________
Transformer-1-FeedForward-Dropo (None, None, 768)    0           Transformer-1-FeedForward[0][0]
__________________________________________________________________________________________________
Transformer-1-FeedForward-Add ( (None, None, 768)    0           Transformer-1-MultiHeadSelfAttent
                                                                 Transformer-1-FeedForward-Dropout
__________________________________________________________________________________________________
Transformer-1-FeedForward-Norm  (None, None, 768)    0           Transformer-1-FeedForward-Add[0][
__________________________________________________________________________________________________
Transformer-2-MultiHeadSelfAtte (None, None, 768)    2359296     Transformer-1-FeedForward-Norm[0]
                                                                 Transformer-1-FeedForward-Norm[0]
                                                                 Transformer-1-FeedForward-Norm[0]
                                                                 Embedding-Rotary-Position[0][0]
__________________________________________________________________________________________________
Transformer-2-MultiHeadSelfAtte (None, None, 768)    0           Transformer-2-MultiHeadSelfAttent
__________________________________________________________________________________________________
Transformer-2-MultiHeadSelfAtte (None, None, 768)    0           Transformer-1-FeedForward-Norm[0]
                                                                 Transformer-2-MultiHeadSelfAttent
__________________________________________________________________________________________________
Transformer-2-MultiHeadSelfAtte (None, None, 768)    0           Transformer-2-MultiHeadSelfAttent
__________________________________________________________________________________________________
Transformer-2-FeedForward (Feed (None, None, 768)    4718592     Transformer-2-MultiHeadSelfAttent
__________________________________________________________________________________________________
Transformer-2-FeedForward-Dropo (None, None, 768)    0           Transformer-2-FeedForward[0][0]
__________________________________________________________________________________________________
Transformer-2-FeedForward-Add ( (None, None, 768)    0           Transformer-2-MultiHeadSelfAttent
                                                                 Transformer-2-FeedForward-Dropout
__________________________________________________________________________________________________
Transformer-2-FeedForward-Norm  (None, None, 768)    0           Transformer-2-FeedForward-Add[0][
__________________________________________________________________________________________________
Transformer-3-MultiHeadSelfAtte (None, None, 768)    2359296     Transformer-2-FeedForward-Norm[0]
                                                                 Transformer-2-FeedForward-Norm[0]
                                                                 Transformer-2-FeedForward-Norm[0]
                                                                 Embedding-Rotary-Position[0][0]
__________________________________________________________________________________________________
Transformer-3-MultiHeadSelfAtte (None, None, 768)    0           Transformer-3-MultiHeadSelfAttent
__________________________________________________________________________________________________
Transformer-3-MultiHeadSelfAtte (None, None, 768)    0           Transformer-2-FeedForward-Norm[0]
                                                                 Transformer-3-MultiHeadSelfAttent
__________________________________________________________________________________________________
Transformer-3-MultiHeadSelfAtte (None, None, 768)    0           Transformer-3-MultiHeadSelfAttent
__________________________________________________________________________________________________
Transformer-3-FeedForward (Feed (None, None, 768)    4718592     Transformer-3-MultiHeadSelfAttent
__________________________________________________________________________________________________
Transformer-3-FeedForward-Dropo (None, None, 768)    0           Transformer-3-FeedForward[0][0]
__________________________________________________________________________________________________
Transformer-3-FeedForward-Add ( (None, None, 768)    0           Transformer-3-MultiHeadSelfAttent
                                                                 Transformer-3-FeedForward-Dropout
__________________________________________________________________________________________________
Transformer-3-FeedForward-Norm  (None, None, 768)    0           Transformer-3-FeedForward-Add[0][
__________________________________________________________________________________________________
Transformer-4-MultiHeadSelfAtte (None, None, 768)    2359296     Transformer-3-FeedForward-Norm[0]
                                                                 Transformer-3-FeedForward-Norm[0]
                                                                 Transformer-3-FeedForward-Norm[0]
                                                                 Embedding-Rotary-Position[0][0]
__________________________________________________________________________________________________
Transformer-4-MultiHeadSelfAtte (None, None, 768)    0           Transformer-4-MultiHeadSelfAttent
__________________________________________________________________________________________________
Transformer-4-MultiHeadSelfAtte (None, None, 768)    0           Transformer-3-FeedForward-Norm[0]
                                                                 Transformer-4-MultiHeadSelfAttent
__________________________________________________________________________________________________
Transformer-4-MultiHeadSelfAtte (None, None, 768)    0           Transformer-4-MultiHeadSelfAttent
__________________________________________________________________________________________________
Transformer-4-FeedForward (Feed (None, None, 768)    4718592     Transformer-4-MultiHeadSelfAttent
__________________________________________________________________________________________________
Transformer-4-FeedForward-Dropo (None, None, 768)    0           Transformer-4-FeedForward[0][0]
__________________________________________________________________________________________________
Transformer-4-FeedForward-Add ( (None, None, 768)    0           Transformer-4-MultiHeadSelfAttent
                                                                 Transformer-4-FeedForward-Dropout
__________________________________________________________________________________________________
Transformer-4-FeedForward-Norm  (None, None, 768)    0           Transformer-4-FeedForward-Add[0][
__________________________________________________________________________________________________
Transformer-5-MultiHeadSelfAtte (None, None, 768)    2359296     Transformer-4-FeedForward-Norm[0]
                                                                 Transformer-4-FeedForward-Norm[0]
                                                                 Transformer-4-FeedForward-Norm[0]
                                                                 Embedding-Rotary-Position[0][0]
__________________________________________________________________________________________________
Transformer-5-MultiHeadSelfAtte (None, None, 768)    0           Transformer-5-MultiHeadSelfAttent
__________________________________________________________________________________________________
Transformer-5-MultiHeadSelfAtte (None, None, 768)    0           Transformer-4-FeedForward-Norm[0]
                                                                 Transformer-5-MultiHeadSelfAttent
__________________________________________________________________________________________________
Transformer-5-MultiHeadSelfAtte (None, None, 768)    0           Transformer-5-MultiHeadSelfAttent
__________________________________________________________________________________________________
Transformer-5-FeedForward (Feed (None, None, 768)    4718592     Transformer-5-MultiHeadSelfAttent
__________________________________________________________________________________________________
Transformer-5-FeedForward-Dropo (None, None, 768)    0           Transformer-5-FeedForward[0][0]
__________________________________________________________________________________________________
Transformer-5-FeedForward-Add ( (None, None, 768)    0           Transformer-5-MultiHeadSelfAttent
                                                                 Transformer-5-FeedForward-Dropout
__________________________________________________________________________________________________
Transformer-5-FeedForward-Norm  (None, None, 768)    0           Transformer-5-FeedForward-Add[0][
__________________________________________________________________________________________________
Transformer-6-MultiHeadSelfAtte (None, None, 768)    2359296     Transformer-5-FeedForward-Norm[0]
                                                                 Transformer-5-FeedForward-Norm[0]
                                                                 Transformer-5-FeedForward-Norm[0]
                                                                 Embedding-Rotary-Position[0][0]
__________________________________________________________________________________________________
Transformer-6-MultiHeadSelfAtte (None, None, 768)    0           Transformer-6-MultiHeadSelfAttent
__________________________________________________________________________________________________
Transformer-6-MultiHeadSelfAtte (None, None, 768)    0           Transformer-5-FeedForward-Norm[0]
                                                                 Transformer-6-MultiHeadSelfAttent
__________________________________________________________________________________________________
Transformer-6-MultiHeadSelfAtte (None, None, 768)    0           Transformer-6-MultiHeadSelfAttent
__________________________________________________________________________________________________
Transformer-6-FeedForward (Feed (None, None, 768)    4718592     Transformer-6-MultiHeadSelfAttent
__________________________________________________________________________________________________
Transformer-6-FeedForward-Dropo (None, None, 768)    0           Transformer-6-FeedForward[0][0]
__________________________________________________________________________________________________
Transformer-6-FeedForward-Add ( (None, None, 768)    0           Transformer-6-MultiHeadSelfAttent
                                                                 Transformer-6-FeedForward-Dropout
__________________________________________________________________________________________________
Transformer-6-FeedForward-Norm  (None, None, 768)    0           Transformer-6-FeedForward-Add[0][
__________________________________________________________________________________________________
Transformer-7-MultiHeadSelfAtte (None, None, 768)    2359296     Transformer-6-FeedForward-Norm[0]
                                                                 Transformer-6-FeedForward-Norm[0]
                                                                 Transformer-6-FeedForward-Norm[0]
                                                                 Embedding-Rotary-Position[0][0]
__________________________________________________________________________________________________
Transformer-7-MultiHeadSelfAtte (None, None, 768)    0           Transformer-7-MultiHeadSelfAttent
__________________________________________________________________________________________________
Transformer-7-MultiHeadSelfAtte (None, None, 768)    0           Transformer-6-FeedForward-Norm[0]
                                                                 Transformer-7-MultiHeadSelfAttent
__________________________________________________________________________________________________
Transformer-7-MultiHeadSelfAtte (None, None, 768)    0           Transformer-7-MultiHeadSelfAttent
__________________________________________________________________________________________________
Transformer-7-FeedForward (Feed (None, None, 768)    4718592     Transformer-7-MultiHeadSelfAttent
__________________________________________________________________________________________________
Transformer-7-FeedForward-Dropo (None, None, 768)    0           Transformer-7-FeedForward[0][0]
__________________________________________________________________________________________________
Transformer-7-FeedForward-Add ( (None, None, 768)    0           Transformer-7-MultiHeadSelfAttent
                                                                 Transformer-7-FeedForward-Dropout
__________________________________________________________________________________________________
Transformer-7-FeedForward-Norm  (None, None, 768)    0           Transformer-7-FeedForward-Add[0][
__________________________________________________________________________________________________
Transformer-8-MultiHeadSelfAtte (None, None, 768)    2359296     Transformer-7-FeedForward-Norm[0]
                                                                 Transformer-7-FeedForward-Norm[0]
                                                                 Transformer-7-FeedForward-Norm[0]
                                                                 Embedding-Rotary-Position[0][0]
__________________________________________________________________________________________________
Transformer-8-MultiHeadSelfAtte (None, None, 768)    0           Transformer-8-MultiHeadSelfAttent
__________________________________________________________________________________________________
Transformer-8-MultiHeadSelfAtte (None, None, 768)    0           Transformer-7-FeedForward-Norm[0]
                                                                 Transformer-8-MultiHeadSelfAttent
__________________________________________________________________________________________________
Transformer-8-MultiHeadSelfAtte (None, None, 768)    0           Transformer-8-MultiHeadSelfAttent
__________________________________________________________________________________________________
Transformer-8-FeedForward (Feed (None, None, 768)    4718592     Transformer-8-MultiHeadSelfAttent
__________________________________________________________________________________________________
Transformer-8-FeedForward-Dropo (None, None, 768)    0           Transformer-8-FeedForward[0][0]
__________________________________________________________________________________________________
Transformer-8-FeedForward-Add ( (None, None, 768)    0           Transformer-8-MultiHeadSelfAttent
                                                                 Transformer-8-FeedForward-Dropout
__________________________________________________________________________________________________
Transformer-8-FeedForward-Norm  (None, None, 768)    0           Transformer-8-FeedForward-Add[0][
__________________________________________________________________________________________________
Transformer-9-MultiHeadSelfAtte (None, None, 768)    2359296     Transformer-8-FeedForward-Norm[0]
                                                                 Transformer-8-FeedForward-Norm[0]
                                                                 Transformer-8-FeedForward-Norm[0]
                                                                 Embedding-Rotary-Position[0][0]
__________________________________________________________________________________________________
Transformer-9-MultiHeadSelfAtte (None, None, 768)    0           Transformer-9-MultiHeadSelfAttent
__________________________________________________________________________________________________
Transformer-9-MultiHeadSelfAtte (None, None, 768)    0           Transformer-8-FeedForward-Norm[0]
                                                                 Transformer-9-MultiHeadSelfAttent
__________________________________________________________________________________________________
Transformer-9-MultiHeadSelfAtte (None, None, 768)    0           Transformer-9-MultiHeadSelfAttent
__________________________________________________________________________________________________
Transformer-9-FeedForward (Feed (None, None, 768)    4718592     Transformer-9-MultiHeadSelfAttent
__________________________________________________________________________________________________
Transformer-9-FeedForward-Dropo (None, None, 768)    0           Transformer-9-FeedForward[0][0]
__________________________________________________________________________________________________
Transformer-9-FeedForward-Add ( (None, None, 768)    0           Transformer-9-MultiHeadSelfAttent
                                                                 Transformer-9-FeedForward-Dropout
__________________________________________________________________________________________________
Transformer-9-FeedForward-Norm  (None, None, 768)    0           Transformer-9-FeedForward-Add[0][
__________________________________________________________________________________________________
Transformer-10-MultiHeadSelfAtt (None, None, 768)    2359296     Transformer-9-FeedForward-Norm[0]
                                                                 Transformer-9-FeedForward-Norm[0]
                                                                 Transformer-9-FeedForward-Norm[0]
                                                                 Embedding-Rotary-Position[0][0]
__________________________________________________________________________________________________
Transformer-10-MultiHeadSelfAtt (None, None, 768)    0           Transformer-10-MultiHeadSelfAtten
__________________________________________________________________________________________________
Transformer-10-MultiHeadSelfAtt (None, None, 768)    0           Transformer-9-FeedForward-Norm[0]
                                                                 Transformer-10-MultiHeadSelfAtten
__________________________________________________________________________________________________
Transformer-10-MultiHeadSelfAtt (None, None, 768)    0           Transformer-10-MultiHeadSelfAtten
__________________________________________________________________________________________________
Transformer-10-FeedForward (Fee (None, None, 768)    4718592     Transformer-10-MultiHeadSelfAtten
__________________________________________________________________________________________________
Transformer-10-FeedForward-Drop (None, None, 768)    0           Transformer-10-FeedForward[0][0]
__________________________________________________________________________________________________
Transformer-10-FeedForward-Add  (None, None, 768)    0           Transformer-10-MultiHeadSelfAtten
                                                                 Transformer-10-FeedForward-Dropou
__________________________________________________________________________________________________
Transformer-10-FeedForward-Norm (None, None, 768)    0           Transformer-10-FeedForward-Add[0]
__________________________________________________________________________________________________
Transformer-11-MultiHeadSelfAtt (None, None, 768)    2359296     Transformer-10-FeedForward-Norm[0
                                                                 Transformer-10-FeedForward-Norm[0
                                                                 Transformer-10-FeedForward-Norm[0
                                                                 Embedding-Rotary-Position[0][0]
__________________________________________________________________________________________________
Transformer-11-MultiHeadSelfAtt (None, None, 768)    0           Transformer-11-MultiHeadSelfAtten
__________________________________________________________________________________________________
Transformer-11-MultiHeadSelfAtt (None, None, 768)    0           Transformer-10-FeedForward-Norm[0
                                                                 Transformer-11-MultiHeadSelfAtten
__________________________________________________________________________________________________
Transformer-11-MultiHeadSelfAtt (None, None, 768)    0           Transformer-11-MultiHeadSelfAtten
__________________________________________________________________________________________________
Transformer-11-FeedForward (Fee (None, None, 768)    4718592     Transformer-11-MultiHeadSelfAtten
__________________________________________________________________________________________________
Transformer-11-FeedForward-Drop (None, None, 768)    0           Transformer-11-FeedForward[0][0]
__________________________________________________________________________________________________
Transformer-11-FeedForward-Add  (None, None, 768)    0           Transformer-11-MultiHeadSelfAtten
                                                                 Transformer-11-FeedForward-Dropou
__________________________________________________________________________________________________
Transformer-11-FeedForward-Norm (None, None, 768)    0           Transformer-11-FeedForward-Add[0]
__________________________________________________________________________________________________
bidirectional_1 (Bidirectional) (None, None, 256)    918528      Transformer-11-FeedForward-Norm[0
__________________________________________________________________________________________________
concatenate_1 (Concatenate)     (None, None, 1024)   0           bidirectional_1[0][0]
                                                                 Transformer-11-FeedForward-Norm[0
__________________________________________________________________________________________________
time_distributed_1 (TimeDistrib (None, None, 19)     19475       concatenate_1[0][0]
__________________________________________________________________________________________________
time_distributed_2 (TimeDistrib (None, None, 19)     0           time_distributed_1[0][0]
__________________________________________________________________________________________________
conditional_random_field_1 (Con (None, None, 19)     361         time_distributed_2[0][0]
==================================================================================================
Total params: 95,090,556
Trainable params: 95,090,556
Non-trainable params: 0
__________________________________________________________________________________________________
WARNING:tensorflow:From /home/bureaux/miniconda3/envs/Keras-base/lib/python3.6/site-packages/keras/optimizers.py:790: The name tf.train.Optimizer is deprecated. Please use tf.compat.v1.train.Optimizer instead.
batch_token_ids shape: shape: (64, 122)
batch_segment_ids shape: (64, 122)
batch_labels shape: (64, 122)
batch_token_ids shape: shape: (64, 220)
batch_segment_ids shape: (64, 220)
batch_labels shape: (64, 220)
batch_token_ids shape: shape: (64, 277)
batch_segment_ids shape: (64, 277)
batch_labels shape: (64, 277)
batch_token_ids shape: shape: (64, 185)
batch_segment_ids shape: (64, 185)
batch_labels shape: (64, 185)
batch_token_ids shape: shape: (64, 163)
batch_segment_ids shape: (64, 163)
batch_labels shape: (64, 163)
		Train start!
Epoch 1/999
235/235 [==============================] - 851s 4s/step - loss: 31.8309 - sparse_accuracy: 0.6859
valid:  f1: 0.54072, precision: 0.67926, recall: 0.44911, best f1: 0.54072
Epoch 2/999
235/235 [==============================] - 801s 3s/step - loss: 13.7061 - sparse_accuracy: 0.6807
valid:  f1: 0.56348, precision: 0.66515, recall: 0.48877, best f1: 0.56348
Epoch 3/999
235/235 [==============================] - 777s 3s/step - loss: 11.3918 - sparse_accuracy: 0.6674
valid:  f1: 0.58135, precision: 0.66063, recall: 0.51906, best f1: 0.58135
Epoch 4/999
235/235 [==============================] - 799s 3s/step - loss: 10.4848 - sparse_accuracy: 0.6666
valid:  f1: 0.59324, precision: 0.66279, recall: 0.53690, best f1: 0.59324
Epoch 5/999
235/235 [==============================] - 792s 3s/step - loss: 9.9355 - sparse_accuracy: 0.6684
valid:  f1: 0.60024, precision: 0.66229, recall: 0.54882, best f1: 0.60024
Epoch 6/999
235/235 [==============================] - 784s 3s/step - loss: 9.5087 - sparse_accuracy: 0.6690
valid:  f1: 0.60908, precision: 0.66324, recall: 0.56310, best f1: 0.60908
Epoch 7/999
235/235 [==============================] - 793s 3s/step - loss: 9.0772 - sparse_accuracy: 0.6696
valid:  f1: 0.61551, precision: 0.66709, recall: 0.57133, best f1: 0.61551
Epoch 8/999
235/235 [==============================] - 798s 3s/step - loss: 8.7467 - sparse_accuracy: 0.6753
valid:  f1: 0.62265, precision: 0.66601, recall: 0.58458, best f1: 0.62265
Epoch 9/999
235/235 [==============================] - 790s 3s/step - loss: 8.4222 - sparse_accuracy: 0.6814
valid:  f1: 0.62648, precision: 0.66639, recall: 0.59108, best f1: 0.62648
Epoch 10/999
235/235 [==============================] - 788s 3s/step - loss: 8.2470 - sparse_accuracy: 0.6892
valid:  f1: 0.63346, precision: 0.67374, recall: 0.59773, best f1: 0.63346
Epoch 11/999
235/235 [==============================] - 775s 3s/step - loss: 8.0355 - sparse_accuracy: 0.6940
valid:  f1: 0.63834, precision: 0.67184, recall: 0.60803, best f1: 0.63834
Epoch 12/999
235/235 [==============================] - 795s 3s/step - loss: 7.7510 - sparse_accuracy: 0.7012
valid:  f1: 0.64042, precision: 0.66806, recall: 0.61498, best f1: 0.64042
Epoch 13/999
235/235 [==============================] - 792s 3s/step - loss: 7.5056 - sparse_accuracy: 0.7099
valid:  f1: 0.64397, precision: 0.67126, recall: 0.61882, best f1: 0.64397
Epoch 14/999
235/235 [==============================] - 780s 3s/step - loss: 7.3680 - sparse_accuracy: 0.7135
valid:  f1: 0.64575, precision: 0.67068, recall: 0.62261, best f1: 0.64575
Epoch 15/999
235/235 [==============================] - 805s 3s/step - loss: 7.1646 - sparse_accuracy: 0.7213
valid:  f1: 0.64851, precision: 0.67912, recall: 0.62054, best f1: 0.64851
Epoch 16/999
235/235 [==============================] - 796s 3s/step - loss: 6.8905 - sparse_accuracy: 0.7303
valid:  f1: 0.64899, precision: 0.67544, recall: 0.62453, best f1: 0.64899
Epoch 17/999
235/235 [==============================] - 778s 3s/step - loss: 6.7282 - sparse_accuracy: 0.7348
valid:  f1: 0.65108, precision: 0.67317, recall: 0.63039, best f1: 0.65108
Epoch 18/999
235/235 [==============================] - 800s 3s/step - loss: 6.5335 - sparse_accuracy: 0.7412
valid:  f1: 0.65111, precision: 0.66859, recall: 0.63453, best f1: 0.65111
Epoch 19/999
235/235 [==============================] - 789s 3s/step - loss: 6.3787 - sparse_accuracy: 0.7493
Early stop count 1/5
valid:  f1: 0.65024, precision: 0.66966, recall: 0.63192, best f1: 0.65111
Epoch 20/999
235/235 [==============================] - 801s 3s/step - loss: 6.1722 - sparse_accuracy: 0.7540
Early stop count 2/5
valid:  f1: 0.65054, precision: 0.67241, recall: 0.63005, best f1: 0.65111
Epoch 21/999
235/235 [==============================] - 793s 3s/step - loss: 5.9806 - sparse_accuracy: 0.7646
Early stop count 3/5
valid:  f1: 0.65063, precision: 0.66953, recall: 0.63276, best f1: 0.65111
Epoch 22/999
235/235 [==============================] - 801s 3s/step - loss: 5.7765 - sparse_accuracy: 0.7704
Early stop count 4/5
valid:  f1: 0.65035, precision: 0.67012, recall: 0.63172, best f1: 0.65111
Epoch 23/999
235/235 [==============================] - 793s 3s/step - loss: 5.6810 - sparse_accuracy: 0.7752
Early stop count 5/5
Epoch 00022: early stopping THR
valid:  f1: 0.64995, precision: 0.66765, recall: 0.63315, best f1: 0.65111
	Train end!
findfont: Font family ['sans-serif'] not found. Falling back to DejaVu Sans.
